<?xml version="1.0" encoding="UTF-8"?>
<!-- Generated by org.testng.reporters.JUnitXMLReporter -->
<testsuite ignored="0" hostname="DESKTOP-JPO07VB" failures="0" tests="3" name="Surefire test" time="23.7" errors="0" timestamp="2025-02-17T14:54:25 IST">
  <testcase classname="tests.ProductCompareTest" name="enterProduct" time="1.873"/>
  <testcase classname="tests.ProductCompareTest" name="clickOnimac" time="1.261"/>
  <testcase classname="tests.ProductCompareTest" name="validateandClickCompare" time="5.482"/>
</testsuite> <!-- Surefire test -->
