<?xml version="1.0" encoding="UTF-8"?>
<!-- Generated by org.testng.reporters.JUnitXMLReporter -->
<testsuite ignored="0" hostname="DESKTOP-JPO07VB" failures="0" tests="3" name="Test" time="19.891" errors="0" timestamp="2025-02-17T17:49:54 IST">
  <testcase classname="tests.ProductCompareTest" name="enterProduct" time="1.105"/>
  <testcase classname="tests.ProductCompareTest" name="clickOnimac" time="1.12"/>
  <testcase classname="tests.ProductCompareTest" name="validateandClickCompare" time="5.401"/>
</testsuite> <!-- Test -->
