<?xml version="1.0" encoding="UTF-8"?>
<testng-results ignored="0" total="3" passed="3" failed="0" skipped="0">
  <reporter-output>
  </reporter-output>
  <suite started-at="2025-02-16T20:25:25 IST" name="Suite" finished-at="2025-02-16T20:25:44 IST" duration-ms="18908">
    <groups>
    </groups>
    <test started-at="2025-02-16T20:25:25 IST" name="Test" finished-at="2025-02-16T20:25:44 IST" duration-ms="18908">
      <class name="tests.ProductCompareTest">
        <test-method is-config="true" signature="launchurl()[pri:0, instance:tests.ProductCompareTest@e4487af]" started-at="2025-02-16T20:25:25 IST" name="launchurl" finished-at="2025-02-16T20:25:35 IST" duration-ms="10679" status="PASS">
          <reporter-output>
          </reporter-output>
        </test-method> <!-- launchurl -->
        <test-method signature="enterProduct()[pri:1, instance:tests.ProductCompareTest@e4487af]" started-at="2025-02-16T20:25:35 IST" name="enterProduct" finished-at="2025-02-16T20:25:37 IST" duration-ms="1568" status="PASS">
          <reporter-output>
          </reporter-output>
        </test-method> <!-- enterProduct -->
        <test-method signature="clickOnimac()[pri:2, instance:tests.ProductCompareTest@e4487af]" started-at="2025-02-16T20:25:37 IST" name="clickOnimac" finished-at="2025-02-16T20:25:38 IST" duration-ms="999" status="PASS">
          <reporter-output>
          </reporter-output>
        </test-method> <!-- clickOnimac -->
        <test-method signature="validateandClickCompare()[pri:3, instance:tests.ProductCompareTest@e4487af]" started-at="2025-02-16T20:25:38 IST" name="validateandClickCompare" finished-at="2025-02-16T20:25:44 IST" duration-ms="5479" status="PASS">
          <reporter-output>
          </reporter-output>
        </test-method> <!-- validateandClickCompare -->
      </class> <!-- tests.ProductCompareTest -->
    </test> <!-- Test -->
  </suite> <!-- Suite -->
</testng-results>
