<?xml version="1.0" encoding="UTF-8"?>
<testng-results ignored="0" total="3" passed="3" failed="0" skipped="0">
  <reporter-output>
  </reporter-output>
  <suite started-at="2025-02-17T17:49:34 IST" name="Suite" finished-at="2025-02-17T17:49:54 IST" duration-ms="19891">
    <groups>
    </groups>
    <test started-at="2025-02-17T17:49:34 IST" name="Test" finished-at="2025-02-17T17:49:54 IST" duration-ms="19891">
      <class name="tests.ProductCompareTest">
        <test-method is-config="true" signature="launchurl()[pri:0, instance:tests.ProductCompareTest@36ebc363]" started-at="2025-02-17T17:49:34 IST" name="launchurl" finished-at="2025-02-17T17:49:46 IST" duration-ms="11694" status="PASS">
          <reporter-output>
          </reporter-output>
        </test-method> <!-- launchurl -->
        <test-method signature="enterProduct()[pri:1, instance:tests.ProductCompareTest@36ebc363]" started-at="2025-02-17T17:49:46 IST" name="enterProduct" finished-at="2025-02-17T17:49:48 IST" duration-ms="1105" status="PASS">
          <reporter-output>
          </reporter-output>
        </test-method> <!-- enterProduct -->
        <test-method signature="clickOnimac()[pri:2, instance:tests.ProductCompareTest@36ebc363]" started-at="2025-02-17T17:49:48 IST" name="clickOnimac" finished-at="2025-02-17T17:49:49 IST" duration-ms="1120" status="PASS">
          <reporter-output>
          </reporter-output>
        </test-method> <!-- clickOnimac -->
        <test-method signature="validateandClickCompare()[pri:3, instance:tests.ProductCompareTest@36ebc363]" started-at="2025-02-17T17:49:49 IST" name="validateandClickCompare" finished-at="2025-02-17T17:49:54 IST" duration-ms="5401" status="PASS">
          <reporter-output>
          </reporter-output>
        </test-method> <!-- validateandClickCompare -->
      </class> <!-- tests.ProductCompareTest -->
    </test> <!-- Test -->
  </suite> <!-- Suite -->
</testng-results>
